  main.cpp
C:\Users\thoma\OneDrive\Bureau\visual studio\SFMLPong\main.cpp(88,57): warning C4244: 'argument' : conversion de 'int' en 'T', perte possible de données
          with
          [
              T=float
          ]
C:\Users\thoma\OneDrive\Bureau\visual studio\SFMLPong\main.cpp(88,41): warning C4244: 'argument' : conversion de 'int' en 'T', perte possible de données
          with
          [
              T=float
          ]
C:\Users\thoma\OneDrive\Bureau\visual studio\SFMLPong\main.cpp(93,58): warning C4244: 'argument' : conversion de 'int' en 'T', perte possible de données
          with
          [
              T=float
          ]
C:\Users\thoma\OneDrive\Bureau\visual studio\SFMLPong\main.cpp(93,42): warning C4244: 'argument' : conversion de 'int' en 'T', perte possible de données
          with
          [
              T=float
          ]
C:\Users\thoma\OneDrive\Bureau\visual studio\SFMLPong\main.cpp(155,35): warning C4244: '=' : conversion de 'int' en 'float', perte possible de données
C:\Users\thoma\OneDrive\Bureau\visual studio\SFMLPong\main.cpp(168,36): warning C4244: '=' : conversion de 'int' en 'float', perte possible de données
  Génération de code en cours
  2 of 123 functions ( 1.6%) were compiled, the rest were copied from previous compilation.
    0 functions were new in current compilation
    0 functions had inline decision re-evaluated but remain unchanged
  Fin de la génération du code
  SFMLPong.vcxproj -> C:\Users\thoma\OneDrive\Bureau\visual studio\SFMLPong\x64\Release\SFMLPong.exe
